# configure exec: ./configure --prefix=/home/bot/Work/confluent/nodejs/node_modules/node-rdkafka/build/deps --libdir=/home/bot/Work/confluent/nodejs/node_modules/node-rdkafka/build/deps --prefix=/home/bot/Work/confluent/nodejs/node_modules/node-rdkafka/build/deps --libdir=/home/bot/Work/confluent/nodejs/node_modules/node-rdkafka/build/deps
# On Thu Sep  3 02:13:26 IST 2020
DBG 22265: Setting distro (distro) status to ok (action ignore)
DBG 22265: ccenv: WITH_CC:  --version failed: mklove/modules/configure.base: line 1747: --version: command not found
DBG 22265: Setting ccenv (ccenv) status to failed (action cont)
DBG 22265: Check ccenv (WITH_CC, action cont (originally cont)) failed: command ' --version' failed:
mklove/modules/configure.base: line 1747: --version: command not found
DBG 22265: Setting gcc (gcc) status to ok (action cont)
DBG 22265: cxxenv: WITH_CXX:  --version failed: mklove/modules/configure.base: line 1747: --version: command not found
DBG 22265: Setting cxxenv (cxxenv) status to failed (action cont)
DBG 22265: Check cxxenv (WITH_CXX, action cont (originally cont)) failed: command ' --version' failed:
mklove/modules/configure.base: line 1747: --version: command not found
DBG 22265: Setting gxx (gxx) status to ok (action cont)
DBG 22265: Setting ld (ld) status to ok (action disable)
DBG 22265: Setting nm (nm) status to ok (action disable)
DBG 22265: Setting objdump (objdump) status to ok (action disable)
DBG 22265: Setting strip (strip) status to ok (action disable)
DBG 22265: libtool: : libtool is not executable: 
DBG 22265: Setting libtool (libtool) status to failed (action disable)
DBG 22265: Check libtool (, action disable (originally disable)) failed: libtool is not executable
DBG 22265: Setting pkgconfig (pkgconfig) status to ok (action cont)
DBG 22265: Setting install (install) status to ok (action cont)
DBG 22265: Compile check PIC (HAVE_PIC) (sub=0): gcc  -g -O2 -Wall -Werror _mkltmpRp6PQ5.c -o _mkltmpRp6PQ5.c.o  -L/home/bot/Work/confluent/nodejs/node_modules/node-rdkafka/build/deps -fPIC
DBG 22265: Setting PIC (PIC) status to ok (action disable)
DBG 22265: Compile check gnulib (WITH_GNULD) (sub=0): gcc  -g -O2 -fPIC -Wall -Werror _mkltmpcF40PI.c -o _mkltmpcF40PI.c.o  -L/home/bot/Work/confluent/nodejs/node_modules/node-rdkafka/build/deps -shared -Wl,-soname,mkltest.0
DBG 22265: Setting gnulib (gnulib) status to ok (action cont)
DBG 22265: Compile check ldsflagvs () (sub=0): gcc  -g -O2 -fPIC -Wall -Werror _mkltmpCWjOcN.c -o _mkltmpCWjOcN.c.o  -L/home/bot/Work/confluent/nodejs/node_modules/node-rdkafka/build/deps -shared -Wl,--version-script=_mkltmpWkALUn
DBG 22265: Setting ldsflagvs (ldsflagvs) status to ok (action cont)
DBG 22265: Compile check __atomic_32 (HAVE_ATOMICS_32) (sub=0): gcc  -g -O2 -fPIC -Wall -Werror _mkltmphkvJmC.c -o _mkltmphkvJmC.c.o  -L/home/bot/Work/confluent/nodejs/node_modules/node-rdkafka/build/deps 
DBG 22265: Setting __atomic_32 (__atomic_32) status to ok (action cont)
DBG 22265: Compile check __atomic_64 (HAVE_ATOMICS_64) (sub=0): gcc  -g -O2 -fPIC -Wall -Werror _mkltmpq7HDAT.c -o _mkltmpq7HDAT.c.o  -L/home/bot/Work/confluent/nodejs/node_modules/node-rdkafka/build/deps 
DBG 22265: Setting __atomic_64 (__atomic_64) status to ok (action cont)
DBG 22265: Compile check socket () (sub=0): gcc  -g -O2 -fPIC -Wall -Wsign-compare -Wfloat-equal -Wpointer-arith -Wcast-align -Wall -Werror _mkltmpUikcMC.c -o _mkltmpUikcMC.c.o  -L/home/bot/Work/confluent/nodejs/node_modules/node-rdkafka/build/deps 
DBG 22265: Setting socket (socket) status to ok (action cont)
DBG 22265: Setting parseversion (parseversion) status to ok (action cont)
DBG 22265: pkg-config check librt for CFLAGS (): pkg-config --short-errors --cflags librt
DBG 22265: 'pkg-config --short-errors --cflags librt' failed: No package 'librt' found
DBG 22265: Setting librt_PKGCONFIG (librt_PKGCONFIG) status to failed (action cont)
DBG 22265: Check librt_PKGCONFIG (, action cont (originally cont)) failed: 'pkg-config --short-errors --cflags librt' failed:
No package 'librt' found
DBG 22265: librt: Check for static library (libs -lrt, arfile variable STATIC_LIB_librt=, static filenames )
DBG 22265: Compile check librt () (sub=0): gcc  -g -O2 -fPIC -Wall -Wsign-compare -Wfloat-equal -Wpointer-arith -Wcast-align -Wall -Werror _mkltmpM1B40Z.c -o _mkltmpM1B40Z.c.o  -L/home/bot/Work/confluent/nodejs/node_modules/node-rdkafka/build/deps -lrt
DBG 22265: Setting librt (librt) status to ok (action cont)
DBG 22265: librt: from lib_check: LIBS: prepend -lrt
DBG 22265: pkg-config check libpthread for CFLAGS (): pkg-config --short-errors --cflags libpthread
DBG 22265: 'pkg-config --short-errors --cflags libpthread' failed: No package 'libpthread' found
DBG 22265: Setting libpthread_PKGCONFIG (libpthread_PKGCONFIG) status to failed (action cont)
DBG 22265: Check libpthread_PKGCONFIG (, action cont (originally cont)) failed: 'pkg-config --short-errors --cflags libpthread' failed:
No package 'libpthread' found
DBG 22265: libpthread: Check for static library (libs -lpthread, arfile variable STATIC_LIB_libpthread=, static filenames )
DBG 22265: Compile check libpthread () (sub=0): gcc  -g -O2 -fPIC -Wall -Wsign-compare -Wfloat-equal -Wpointer-arith -Wcast-align -Wall -Werror _mkltmprE6HeC.c -o _mkltmprE6HeC.c.o  -L/home/bot/Work/confluent/nodejs/node_modules/node-rdkafka/build/deps -lpthread
DBG 22265: Setting libpthread (libpthread) status to ok (action fail)
DBG 22265: libpthread: from lib_check: LIBS: prepend -lpthread
DBG 22265: pkg-config check c11threads for CFLAGS (WITH_C11THREADS): pkg-config --short-errors --cflags c11threads
DBG 22265: 'pkg-config --short-errors --cflags c11threads' failed: No package 'c11threads' found
DBG 22265: Setting c11threads_PKGCONFIG (c11threads_PKGCONFIG) status to failed (action cont)
DBG 22265: Check c11threads_PKGCONFIG (, action cont (originally cont)) failed: 'pkg-config --short-errors --cflags c11threads' failed:
No package 'c11threads' found
DBG 22265: c11threads: Check for static library (libs -lpthread -lrt, arfile variable STATIC_LIB_c11threads=, static filenames )
DBG 22265: Compile check c11threads (WITH_C11THREADS) (sub=0): gcc  -g -O2 -fPIC -Wall -Wsign-compare -Wfloat-equal -Wpointer-arith -Wcast-align -Wall -Werror _mkltmptMn6Ai.c -o _mkltmptMn6Ai.c.o  -L/home/bot/Work/confluent/nodejs/node_modules/node-rdkafka/build/deps -lpthread -lrt
DBG 22265: compile check for c11threads (WITH_C11THREADS) failed: gcc  -g -O2 -fPIC -Wall -Wsign-compare -Wfloat-equal -Wpointer-arith -Wcast-align -Wall -Werror _mkltmptMn6Ai.c -o _mkltmptMn6Ai.c.o  -L/home/bot/Work/confluent/nodejs/node_modules/node-rdkafka/build/deps -lpthread -lrt: _mkltmptMn6Ai.c:2:10: fatal error: threads.h: No such file or directory
 #include <threads.h>
          ^~~~~~~~~~~
compilation terminated.
DBG 22265: Setting c11threads (c11threads) status to failed (action disable)
DBG 22265: Check c11threads (WITH_C11THREADS, action disable (originally disable)) failed: compile check failed:
CC: CC
flags: -lpthread -lrt
gcc  -g -O2 -fPIC -Wall -Wsign-compare -Wfloat-equal -Wpointer-arith -Wcast-align -Wall -Werror _mkltmptMn6Ai.c -o _mkltmptMn6Ai.c.o  -L/home/bot/Work/confluent/nodejs/node_modules/node-rdkafka/build/deps -lpthread -lrt:
_mkltmptMn6Ai.c:2:10: fatal error: threads.h: No such file or directory
 #include <threads.h>
          ^~~~~~~~~~~
compilation terminated.
source: 
#include <threads.h>


static int start_func (void *arg) {
   int iarg = *(int *)arg;
   return iarg;
}

void foo (void) {
    thrd_t thr;
    int arg = 1;
    if (thrd_create(&thr, start_func, (void *)&arg) != thrd_success) {
      ;
    }
}

DBG 22265: pkg-config check libdl for CFLAGS (WITH_LIBDL): pkg-config --short-errors --cflags libdl
DBG 22265: 'pkg-config --short-errors --cflags libdl' failed: No package 'libdl' found
DBG 22265: Setting libdl_PKGCONFIG (libdl_PKGCONFIG) status to failed (action cont)
DBG 22265: Check libdl_PKGCONFIG (, action cont (originally cont)) failed: 'pkg-config --short-errors --cflags libdl' failed:
No package 'libdl' found
DBG 22265: libdl: Check for static library (libs -ldl, arfile variable STATIC_LIB_libdl=, static filenames )
DBG 22265: Compile check libdl (WITH_LIBDL) (sub=0): gcc  -g -O2 -fPIC -Wall -Wsign-compare -Wfloat-equal -Wpointer-arith -Wcast-align -Wall -Werror _mkltmpks8Q6N.c -o _mkltmpks8Q6N.c.o  -L/home/bot/Work/confluent/nodejs/node_modules/node-rdkafka/build/deps -ldl
DBG 22265: Setting libdl (libdl) status to ok (action disable)
DBG 22265: libdl: from lib_check: LIBS: prepend -ldl
DBG 22265: pkg-config check zlib for CFLAGS (WITH_ZLIB): pkg-config --short-errors --cflags zlib
DBG 22265: pkg-config check zlib for LIBS (WITH_ZLIB): pkg-config --short-errors --libs zlib
DBG 22265: zlib: from pkg-config: CFLAGS '', LIBS '-ldl -lpthread -lrt'
DBG 22265: zlib: performing compile check using pkg-config info
DBG 22265: Compile check zlib (WITH_ZLIB) (sub=1): gcc  -g -O2 -fPIC -Wall -Wsign-compare -Wfloat-equal -Wpointer-arith -Wcast-align -Wall -Werror _mkltmp0ZIhsm.c -o _mkltmp0ZIhsm.c.o  -L/home/bot/Work/confluent/nodejs/node_modules/node-rdkafka/build/deps  -lz
DBG 22265: zlib: Check for static library (libs -lz, arfile variable STATIC_LIB_zlib=, static filenames libz.a)
DBG 22265: zlib: from pkg-config: LIBS: prepend -lz
DBG 22265: Setting zlib (zlib) status to ok (action cont)
DBG 22265: pkg-config check libcrypto for CFLAGS (): pkg-config --short-errors --cflags libcrypto
DBG 22265: pkg-config check libcrypto for LIBS (): pkg-config --short-errors --libs libcrypto
DBG 22265: libcrypto: from pkg-config: CFLAGS '', LIBS '-lz -ldl -lpthread -lrt'
DBG 22265: libcrypto: performing compile check using pkg-config info
DBG 22265: Compile check libcrypto () (sub=1): gcc  -g -O2 -fPIC -Wall -Wsign-compare -Wfloat-equal -Wpointer-arith -Wcast-align -Wall -Werror _mkltmpKGBgEO.c -o _mkltmpKGBgEO.c.o  -L/home/bot/Work/confluent/nodejs/node_modules/node-rdkafka/build/deps  -lcrypto
DBG 22265: libcrypto: Check for static library (libs -lcrypto, arfile variable STATIC_LIB_libcrypto=, static filenames libcrypto.a)
DBG 22265: libcrypto: from pkg-config: LIBS: prepend -lcrypto
DBG 22265: Setting libcrypto (libcrypto) status to ok (action cont)
DBG 22265: pkg-config check libssl for CFLAGS (WITH_SSL): pkg-config --short-errors --cflags libssl
DBG 22265: pkg-config check libssl for LIBS (WITH_SSL): pkg-config --short-errors --libs libssl
DBG 22265: libssl: from pkg-config: CFLAGS '', LIBS '-lcrypto -lz -ldl -lpthread -lrt'
DBG 22265: libssl: performing compile check using pkg-config info
DBG 22265: Compile check libssl (WITH_SSL) (sub=1): gcc  -g -O2 -fPIC -Wall -Wsign-compare -Wfloat-equal -Wpointer-arith -Wcast-align -Wall -Werror _mkltmpTUXe4y.c -o _mkltmpTUXe4y.c.o  -L/home/bot/Work/confluent/nodejs/node_modules/node-rdkafka/build/deps  -lssl
DBG 22265: libssl: Check for static library (libs -lssl, arfile variable STATIC_LIB_libssl=, static filenames libssl.a)
DBG 22265: libssl: from pkg-config: LIBS: prepend -lssl
DBG 22265: Setting libssl (libssl) status to ok (action cont)
DBG 22265: pkg-config check libsasl2 for CFLAGS (WITH_SASL_CYRUS): pkg-config --short-errors --cflags libsasl2
DBG 22265: 'pkg-config --short-errors --cflags libsasl2' failed: No package 'libsasl2' found
DBG 22265: Setting libsasl2_PKGCONFIG (libsasl2_PKGCONFIG) status to failed (action cont)
DBG 22265: Check libsasl2_PKGCONFIG (, action cont (originally cont)) failed: 'pkg-config --short-errors --cflags libsasl2' failed:
No package 'libsasl2' found
DBG 22265: libsasl2: Check for static library (libs -lsasl2, arfile variable STATIC_LIB_libsasl2=, static filenames )
DBG 22265: Compile check libsasl2 (WITH_SASL_CYRUS) (sub=0): gcc  -g -O2 -fPIC -Wall -Wsign-compare -Wfloat-equal -Wpointer-arith -Wcast-align -Wall -Werror _mkltmprTgqAK.c -o _mkltmprTgqAK.c.o  -L/home/bot/Work/confluent/nodejs/node_modules/node-rdkafka/build/deps -lsasl2
DBG 22265: compile check for libsasl2 (WITH_SASL_CYRUS) failed: gcc  -g -O2 -fPIC -Wall -Wsign-compare -Wfloat-equal -Wpointer-arith -Wcast-align -Wall -Werror _mkltmprTgqAK.c -o _mkltmprTgqAK.c.o  -L/home/bot/Work/confluent/nodejs/node_modules/node-rdkafka/build/deps -lsasl2: _mkltmprTgqAK.c:1:10: fatal error: sasl/sasl.h: No such file or directory
 #include <sasl/sasl.h>
          ^~~~~~~~~~~~~
compilation terminated.
DBG 22265: Setting libsasl2 (libsasl2) status to failed (action disable)
DBG 22265: Check libsasl2 (WITH_SASL_CYRUS, action disable (originally disable)) failed: compile check failed:
CC: CC
flags: -lsasl2
gcc  -g -O2 -fPIC -Wall -Wsign-compare -Wfloat-equal -Wpointer-arith -Wcast-align -Wall -Werror _mkltmprTgqAK.c -o _mkltmprTgqAK.c.o  -L/home/bot/Work/confluent/nodejs/node_modules/node-rdkafka/build/deps -lsasl2:
_mkltmprTgqAK.c:1:10: fatal error: sasl/sasl.h: No such file or directory
 #include <sasl/sasl.h>
          ^~~~~~~~~~~~~
compilation terminated.
source: #include <sasl/sasl.h>
DBG 22265: pkg-config check libsasl for CFLAGS (WITH_SASL_CYRUS): pkg-config --short-errors --cflags libsasl
DBG 22265: 'pkg-config --short-errors --cflags libsasl' failed: No package 'libsasl' found
DBG 22265: Setting libsasl_PKGCONFIG (libsasl_PKGCONFIG) status to failed (action cont)
DBG 22265: Check libsasl_PKGCONFIG (, action cont (originally cont)) failed: 'pkg-config --short-errors --cflags libsasl' failed:
No package 'libsasl' found
DBG 22265: libsasl: Check for static library (libs -lsasl, arfile variable STATIC_LIB_libsasl=, static filenames )
DBG 22265: Compile check libsasl (WITH_SASL_CYRUS) (sub=0): gcc  -g -O2 -fPIC -Wall -Wsign-compare -Wfloat-equal -Wpointer-arith -Wcast-align -Wall -Werror _mkltmpNgL8oQ.c -o _mkltmpNgL8oQ.c.o  -L/home/bot/Work/confluent/nodejs/node_modules/node-rdkafka/build/deps -lsasl
DBG 22265: compile check for libsasl (WITH_SASL_CYRUS) failed: gcc  -g -O2 -fPIC -Wall -Wsign-compare -Wfloat-equal -Wpointer-arith -Wcast-align -Wall -Werror _mkltmpNgL8oQ.c -o _mkltmpNgL8oQ.c.o  -L/home/bot/Work/confluent/nodejs/node_modules/node-rdkafka/build/deps -lsasl: _mkltmpNgL8oQ.c:1:10: fatal error: sasl/sasl.h: No such file or directory
 #include <sasl/sasl.h>
          ^~~~~~~~~~~~~
compilation terminated.
DBG 22265: Setting libsasl (libsasl) status to failed (action disable)
DBG 22265: Check libsasl (WITH_SASL_CYRUS, action disable (originally disable)) failed: compile check failed:
CC: CC
flags: -lsasl
gcc  -g -O2 -fPIC -Wall -Wsign-compare -Wfloat-equal -Wpointer-arith -Wcast-align -Wall -Werror _mkltmpNgL8oQ.c -o _mkltmpNgL8oQ.c.o  -L/home/bot/Work/confluent/nodejs/node_modules/node-rdkafka/build/deps -lsasl:
_mkltmpNgL8oQ.c:1:10: fatal error: sasl/sasl.h: No such file or directory
 #include <sasl/sasl.h>
          ^~~~~~~~~~~~~
compilation terminated.
source: #include <sasl/sasl.h>
DBG 22265: pkg-config check libzstd for CFLAGS (WITH_ZSTD): pkg-config --short-errors --cflags libzstd
DBG 22265: 'pkg-config --short-errors --cflags libzstd' failed: No package 'libzstd' found
DBG 22265: Setting libzstd_PKGCONFIG (libzstd_PKGCONFIG) status to failed (action cont)
DBG 22265: Check libzstd_PKGCONFIG (, action cont (originally cont)) failed: 'pkg-config --short-errors --cflags libzstd' failed:
No package 'libzstd' found
DBG 22265: libzstd: Check for static library (libs -lzstd, arfile variable STATIC_LIB_libzstd=, static filenames libzstd.a)
DBG 22265: Compile check libzstd (WITH_ZSTD) (sub=0): gcc  -g -O2 -fPIC -Wall -Wsign-compare -Wfloat-equal -Wpointer-arith -Wcast-align -Wall -Werror _mkltmpIUloSi.c -o _mkltmpIUloSi.c.o  -L/home/bot/Work/confluent/nodejs/node_modules/node-rdkafka/build/deps -lzstd
DBG 22265: compile check for libzstd (WITH_ZSTD) failed: gcc  -g -O2 -fPIC -Wall -Wsign-compare -Wfloat-equal -Wpointer-arith -Wcast-align -Wall -Werror _mkltmpIUloSi.c -o _mkltmpIUloSi.c.o  -L/home/bot/Work/confluent/nodejs/node_modules/node-rdkafka/build/deps -lzstd: _mkltmpIUloSi.c:2:10: fatal error: zstd.h: No such file or directory
 #include <zstd.h>
          ^~~~~~~~
compilation terminated.
DBG 22265: Setting libzstd (libzstd) status to failed (action disable)
DBG 22265: Check libzstd (WITH_ZSTD, action disable (originally disable)) failed: compile check failed:
CC: CC
flags: -lzstd
gcc  -g -O2 -fPIC -Wall -Wsign-compare -Wfloat-equal -Wpointer-arith -Wcast-align -Wall -Werror _mkltmpIUloSi.c -o _mkltmpIUloSi.c.o  -L/home/bot/Work/confluent/nodejs/node_modules/node-rdkafka/build/deps -lzstd:
_mkltmpIUloSi.c:2:10: fatal error: zstd.h: No such file or directory
 #include <zstd.h>
          ^~~~~~~~
compilation terminated.
source: 
#include <zstd.h>
#include <zstd_errors.h>

void foo (void) {
     ZSTD_getFrameContentSize(NULL, 0);
}

DBG 22265: pkg-config check libm for CFLAGS (): pkg-config --short-errors --cflags libm
DBG 22265: 'pkg-config --short-errors --cflags libm' failed: No package 'libm' found
DBG 22265: Setting libm_PKGCONFIG (libm_PKGCONFIG) status to failed (action cont)
DBG 22265: Check libm_PKGCONFIG (, action cont (originally cont)) failed: 'pkg-config --short-errors --cflags libm' failed:
No package 'libm' found
DBG 22265: libm: Check for static library (libs -lm, arfile variable STATIC_LIB_libm=, static filenames )
DBG 22265: Compile check libm () (sub=0): gcc  -g -O2 -fPIC -Wall -Wsign-compare -Wfloat-equal -Wpointer-arith -Wcast-align -Wall -Werror _mkltmprmfbJv.c -o _mkltmprmfbJv.c.o  -L/home/bot/Work/confluent/nodejs/node_modules/node-rdkafka/build/deps -lm
DBG 22265: Setting libm (libm) status to ok (action disable)
DBG 22265: libm: from lib_check: LIBS: prepend -lm
DBG 22265: pkg-config check liblz4 for CFLAGS (WITH_LZ4_EXT): pkg-config --short-errors --cflags liblz4
DBG 22265: 'pkg-config --short-errors --cflags liblz4' failed: No package 'liblz4' found
DBG 22265: Setting liblz4_PKGCONFIG (liblz4_PKGCONFIG) status to failed (action cont)
DBG 22265: Check liblz4_PKGCONFIG (, action cont (originally cont)) failed: 'pkg-config --short-errors --cflags liblz4' failed:
No package 'liblz4' found
DBG 22265: liblz4: Check for static library (libs -llz4, arfile variable STATIC_LIB_liblz4=, static filenames liblz4.a)
DBG 22265: Compile check liblz4 (WITH_LZ4_EXT) (sub=0): gcc  -g -O2 -fPIC -Wall -Wsign-compare -Wfloat-equal -Wpointer-arith -Wcast-align -Wall -Werror _mkltmpQGSrZb.c -o _mkltmpQGSrZb.c.o  -L/home/bot/Work/confluent/nodejs/node_modules/node-rdkafka/build/deps -llz4
DBG 22265: compile check for liblz4 (WITH_LZ4_EXT) failed: gcc  -g -O2 -fPIC -Wall -Wsign-compare -Wfloat-equal -Wpointer-arith -Wcast-align -Wall -Werror _mkltmpQGSrZb.c -o _mkltmpQGSrZb.c.o  -L/home/bot/Work/confluent/nodejs/node_modules/node-rdkafka/build/deps -llz4: _mkltmpQGSrZb.c:1:10: fatal error: lz4frame.h: No such file or directory
 #include <lz4frame.h>
          ^~~~~~~~~~~~
compilation terminated.
DBG 22265: Setting liblz4 (liblz4) status to failed (action disable)
DBG 22265: Check liblz4 (WITH_LZ4_EXT, action disable (originally disable)) failed: compile check failed:
CC: CC
flags: -llz4
gcc  -g -O2 -fPIC -Wall -Wsign-compare -Wfloat-equal -Wpointer-arith -Wcast-align -Wall -Werror _mkltmpQGSrZb.c -o _mkltmpQGSrZb.c.o  -L/home/bot/Work/confluent/nodejs/node_modules/node-rdkafka/build/deps -llz4:
_mkltmpQGSrZb.c:1:10: fatal error: lz4frame.h: No such file or directory
 #include <lz4frame.h>
          ^~~~~~~~~~~~
compilation terminated.
source: #include <lz4frame.h>
DBG 22265: Compile check syslog (WITH_SYSLOG) (sub=0): gcc  -g -O2 -fPIC -Wall -Wsign-compare -Wfloat-equal -Wpointer-arith -Wcast-align -Wall -Werror _mkltmpfhW10b.c -o _mkltmpfhW10b.c.o  -L/home/bot/Work/confluent/nodejs/node_modules/node-rdkafka/build/deps 
DBG 22265: Setting syslog (syslog) status to ok (action disable)
DBG 22265: Compile check rapidjson (WITH_RAPIDJSON) (sub=0): g++  -g -O2 -fPIC -Wall -Wsign-compare -Wfloat-equal -Wpointer-arith -Wcast-align -Wall -Werror _mkltmpr8QGXw.cpp -o _mkltmpr8QGXw.cpp.o  -L/home/bot/Work/confluent/nodejs/node_modules/node-rdkafka/build/deps 
DBG 22265: compile check for rapidjson (WITH_RAPIDJSON) failed: g++  -g -O2 -fPIC -Wall -Wsign-compare -Wfloat-equal -Wpointer-arith -Wcast-align -Wall -Werror _mkltmpr8QGXw.cpp -o _mkltmpr8QGXw.cpp.o  -L/home/bot/Work/confluent/nodejs/node_modules/node-rdkafka/build/deps : _mkltmpr8QGXw.cpp:1:10: fatal error: rapidjson/schema.h: No such file or directory
 #include <rapidjson/schema.h>
          ^~~~~~~~~~~~~~~~~~~~
compilation terminated.
DBG 22265: Setting rapidjson (rapidjson) status to failed (action disable)
DBG 22265: Check rapidjson (WITH_RAPIDJSON, action disable (originally disable)) failed: compile check failed:
CC: CXX
flags: 
g++  -g -O2 -fPIC -Wall -Wsign-compare -Wfloat-equal -Wpointer-arith -Wcast-align -Wall -Werror _mkltmpr8QGXw.cpp -o _mkltmpr8QGXw.cpp.o  -L/home/bot/Work/confluent/nodejs/node_modules/node-rdkafka/build/deps :
_mkltmpr8QGXw.cpp:1:10: fatal error: rapidjson/schema.h: No such file or directory
 #include <rapidjson/schema.h>
          ^~~~~~~~~~~~~~~~~~~~
compilation terminated.
source: #include <rapidjson/schema.h>
DBG 22265: Compile check crc32chw (WITH_CRC32C_HW) (sub=0): gcc  -g -O2 -fPIC -Wall -Wsign-compare -Wfloat-equal -Wpointer-arith -Wcast-align -Wall -Werror _mkltmptboRRg.c -o _mkltmptboRRg.c.o  -L/home/bot/Work/confluent/nodejs/node_modules/node-rdkafka/build/deps 
DBG 22265: Setting crc32chw (crc32chw) status to ok (action disable)
DBG 22265: Compile check regex (HAVE_REGEX) (sub=0): gcc  -g -O2 -fPIC -Wall -Wsign-compare -Wfloat-equal -Wpointer-arith -Wcast-align -Wall -Werror _mkltmpurZ0wR.c -o _mkltmpurZ0wR.c.o  -L/home/bot/Work/confluent/nodejs/node_modules/node-rdkafka/build/deps 
DBG 22265: Setting regex (regex) status to ok (action disable)
DBG 22265: Compile check strndup (HAVE_STRNDUP) (sub=0): gcc  -g -O2 -fPIC -Wall -Wsign-compare -Wfloat-equal -Wpointer-arith -Wcast-align -Wall -Werror _mkltmpiY6JYG.c -o _mkltmpiY6JYG.c.o  -L/home/bot/Work/confluent/nodejs/node_modules/node-rdkafka/build/deps 
DBG 22265: Setting strndup (strndup) status to ok (action disable)
DBG 22265: Compile check strlcpy (HAVE_STRLCPY) (sub=0): gcc  -g -O2 -fPIC -Wall -Wsign-compare -Wfloat-equal -Wpointer-arith -Wcast-align -Wall -Werror _mkltmp9Lpsq9.c -o _mkltmp9Lpsq9.c.o  -L/home/bot/Work/confluent/nodejs/node_modules/node-rdkafka/build/deps 
DBG 22265: compile check for strlcpy (HAVE_STRLCPY) failed: gcc  -g -O2 -fPIC -Wall -Wsign-compare -Wfloat-equal -Wpointer-arith -Wcast-align -Wall -Werror _mkltmp9Lpsq9.c -o _mkltmp9Lpsq9.c.o  -L/home/bot/Work/confluent/nodejs/node_modules/node-rdkafka/build/deps : _mkltmp9Lpsq9.c: In function ‘foo’:
_mkltmp9Lpsq9.c:6:11: error: implicit declaration of function ‘strlcpy’; did you mean ‘strncpy’? [-Werror=implicit-function-declaration]
    return strlcpy(dest, "something", sizeof(dest));
           ^~~~~~~
           strncpy
cc1: all warnings being treated as errors
DBG 22265: Setting strlcpy (strlcpy) status to failed (action disable)
DBG 22265: Check strlcpy (HAVE_STRLCPY, action disable (originally disable)) failed: compile check failed:
CC: CC
flags: 
gcc  -g -O2 -fPIC -Wall -Wsign-compare -Wfloat-equal -Wpointer-arith -Wcast-align -Wall -Werror _mkltmp9Lpsq9.c -o _mkltmp9Lpsq9.c.o  -L/home/bot/Work/confluent/nodejs/node_modules/node-rdkafka/build/deps :
_mkltmp9Lpsq9.c: In function ‘foo’:
_mkltmp9Lpsq9.c:6:11: error: implicit declaration of function ‘strlcpy’; did you mean ‘strncpy’? [-Werror=implicit-function-declaration]
    return strlcpy(dest, "something", sizeof(dest));
           ^~~~~~~
           strncpy
cc1: all warnings being treated as errors
source: 
#define _DARWIN_C_SOURCE
#include <string.h>
int foo (void) {
    char dest[4];
   return strlcpy(dest, "something", sizeof(dest));
}
DBG 22265: Compile check strerror_r (HAVE_STRERROR_R) (sub=0): gcc  -g -O2 -fPIC -Wall -Wsign-compare -Wfloat-equal -Wpointer-arith -Wcast-align -Wall -Werror _mkltmpqa8k9E.c -o _mkltmpqa8k9E.c.o  -L/home/bot/Work/confluent/nodejs/node_modules/node-rdkafka/build/deps 
DBG 22265: Setting strerror_r (strerror_r) status to ok (action disable)
DBG 22265: Compile check pthread_setname_gnu (HAVE_PTHREAD_SETNAME_GNU) (sub=0): gcc  -g -O2 -fPIC -Wall -Wsign-compare -Wfloat-equal -Wpointer-arith -Wcast-align -Wall -Werror _mkltmpDPNdMU.c -o _mkltmpDPNdMU.c.o  -L/home/bot/Work/confluent/nodejs/node_modules/node-rdkafka/build/deps -D_GNU_SOURCE -lpthread
DBG 22265: Setting pthread_setname_gnu (pthread_setname_gnu) status to ok (action disable)
DBG 22265: Setting nm (nm) status to ok (action cont)
DBG 22265: Setting python3 (python3) status to ok (action disable)
DBG 22265: Compile check getrusage (HAVE_GETRUSAGE) (sub=0): gcc  -g -O2 -fPIC -Wall -Wsign-compare -Wfloat-equal -Wpointer-arith -Wcast-align -Wall -Werror _mkltmp2M40ax.c -o _mkltmp2M40ax.c.o  -L/home/bot/Work/confluent/nodejs/node_modules/node-rdkafka/build/deps 
DBG 22265: Setting getrusage (getrusage) status to ok (action disable)
